=====================================
BM-76-NOTE を Aye Myat Thuzar が 2025, July 21, 4:50:29 am に BM93-NOTE から Edit しました。
start date   :2025/07/21
estimate time:3 hour
remark       :Testing
-------------------------------------
=====================================
BM-76-NOTE を Aye Myat Thuzar が 2025, July 21, 4:50:33 am に BM93-NOTE から Clear しました。
-------------------------------------
=====================================
BM-76-NOTE を Aye Mya Thu が 2025, July 21, 4:53:37 am に BM93-NOTE から Edit しました。
start date   :2025/07/21
estimate time:3 hour
remark       :Testing
-------------------------------------
=====================================
BM-76-NOTE を Phyo Myint Kyaw が 2025, July 21, 4:54:18 am に BM93-NOTE から Edit しました。
start date   :2025/07/21
estimate time:3 hour
remark       :Testing
-------------------------------------
=====================================
BM-76-NOTE を Phyo Myint Kyaw が 2025, July 21, 4:57:34 am に BM93-NOTE から Clear しました。
-------------------------------------
=====================================
BM-76-NOTE を Aye Mya Thu が 2025, July 21, 6:54:17 am に BM93-NOTE から Edit しました。
start date   :20444
estimate time:3
remark       :Testing
-------------------------------------
=====================================
BM-76-NOTE を Aye Mya Thu が 2025, July 21, 6:55:52 am に BM93-NOTE から Clear しました。
-------------------------------------
=====================================
BM-76-NOTE を Aye Mya Thu が 2025, July 21, 6:57:55 am に BM93-NOTE から Edit しました。
start date   :20444
estimate time:3
remark       :tsew
-------------------------------------
=====================================
BM-76-NOTE を Aye Mya Thu が 2025, July 21, 6:58:11 am に BM93-NOTE から Clear しました。
-------------------------------------
=====================================
BM-76-NOTE を Aye Mya Thu が 2025, July 21, 7:00:49 am に BM93-NOTE から Edit しました。
start date   :20444
estimate time:3
remark       :w4rete
-------------------------------------
=====================================
BM-76-NOTE を Aye Mya Thu が 2025, July 21, 7:01:45 am に BM93-NOTE から Clear しました。
-------------------------------------
