=====================================
BM49-NOTE を Aye Mya Thu が 2025, July 18, 12:44:07 pm に BM93-NOTE から Edit しました。
start date   :2025/07/18
estimate time:3hour
remark       :Testing
-------------------------------------
=====================================
BM49-NOTE を Aye Mya Thu が 2025, July 18, 12:46:19 pm に BM93-NOTE から Clear しました。
-------------------------------------
=====================================
BM-76-NOTE を Aye Myat Thuzar が 2025, July 18, 12:47:49 pm に BM93-NOTE から Clear しました。
-------------------------------------
=====================================
BM-76-NOTE を Aye Myat Thuzar が 2025, July 18, 12:47:57 pm に BM93-NOTE から Edit しました。
start date   :2025/07/18
estimate time:3hour
remark       :Testing
-------------------------------------
=====================================
BM-76-NOTE を Aye Myat Thuzar が 2025, July 18, 12:51:47 pm に BM93-NOTE から Clear しました。
-------------------------------------
